<?xml version="1.0" encoding="UTF-8"?>
<!-- Generated by org.testng.reporters.JUnitReportReporter -->
<testsuite hostname="DESKTOP-5C3OUTB" failures="0" tests="1" name="com.qa.fb.keyword.tests.LoginTest" time="30.083" errors="0" timestamp="06 Sep 2022 01:59:35 GMT" skipped="0">
  <testcase classname="com.qa.fb.keyword.tests.LoginTest" name="loginTest" time="30.083"/>
</testsuite> <!-- com.qa.fb.keyword.tests.LoginTest -->
